#
# There is insufficient memory for the Java Runtime Environment to continue.
# Native memory allocation (malloc) failed to allocate 131088 bytes for Chunk::new
# Possible reasons:
#   The system is out of physical RAM or swap space
#   The process is running with CompressedOops enabled, and the Java Heap may be blocking the growth of the native heap
# Possible solutions:
#   Reduce memory load on the system
#   Increase physical memory or swap space
#   Check if swap backing store is full
#   Decrease Java heap size (-Xmx/-Xms)
#   Decrease number of Java threads
#   Decrease Java thread stack sizes (-Xss)
#   Set larger code cache with -XX:ReservedCodeCacheSize=
#   JVM is running with Unscaled Compressed Oops mode in which the Java heap is
#     placed in the first 4GB address space. The Java Heap base address is the
#     maximum limit for the native heap growth. Please use -XX:HeapBaseMinAddress
#     to set the Java Heap base and to place the Java Heap above 4GB virtual address.
# This output file may be truncated or incomplete.
#
#  Out of Memory Error (allocation.cpp:389), pid=6816, tid=0x0000000000000bf4
#
# JRE version: OpenJDK Runtime Environment (8.0_242-b01) (build 1.8.0_242-release-1644-b01)
# Java VM: OpenJDK 64-Bit Server VM (25.242-b01 mixed mode windows-amd64 compressed oops)
# Failed to write core dump. Minidumps are not enabled by default on client versions of Windows
#

---------------  T H R E A D  ---------------

Current thread (0x0000000015461800):  JavaThread "C2 CompilerThread1" daemon [_thread_in_native, id=3060, stack(0x00000000171e0000,0x00000000172e0000)]

Stack: [0x00000000171e0000,0x00000000172e0000]
[error occurred during error reporting (printing stack bounds), id 0xc0000005]

Native frames: (J=compiled Java code, j=interpreted, Vv=VM code, C=native code)


Current CompileTask:
C2: 506951 20149       4       com.android.tools.r8.u.b.Q0::a (376 bytes)


---------------  P R O C E S S  ---------------

Java Threads: ( => current thread )
  0x00000000204c0000 JavaThread "Cache worker for Java compile cache (D:\SuriBetPOS\SuribetPOS\.gradle\6.1.1\javaCompile)" [_thread_blocked, id=18848, stack(0x0000000027b60000,0x0000000027c60000)]
  0x00000000204c3000 JavaThread "Cache worker for Java compile cache (C:\Users\Localuser\.gradle\caches\6.1.1\javaCompile)" [_thread_blocked, id=10912, stack(0x0000000027930000,0x0000000027a30000)]
  0x00000000204bd800 JavaThread "stdout" [_thread_in_native, id=9844, stack(0x0000000027630000,0x0000000027730000)]
  0x00000000204b6000 JavaThread "stderr" [_thread_in_native, id=17964, stack(0x0000000027530000,0x0000000027630000)]
  0x00000000204ba000 JavaThread "stdout" [_thread_in_native, id=14768, stack(0x0000000027430000,0x0000000027530000)]
  0x00000000204b9000 JavaThread "stderr" [_thread_in_native, id=10072, stack(0x00000000262a0000,0x00000000263a0000)]
  0x00000000204bd000 JavaThread "stdout" [_thread_in_native, id=19536, stack(0x0000000027330000,0x0000000027430000)]
  0x00000000204b8800 JavaThread "stderr" [_thread_in_native, id=12988, stack(0x0000000027230000,0x0000000027330000)]
  0x00000000204b5000 JavaThread "stdout" [_thread_in_native, id=2588, stack(0x0000000027130000,0x0000000027230000)]
  0x00000000204bc000 JavaThread "stderr" [_thread_in_native, id=8784, stack(0x0000000027030000,0x0000000027130000)]
  0x00000000204bb800 JavaThread "stdout" [_thread_in_native, id=13416, stack(0x0000000026f30000,0x0000000027030000)]
  0x00000000204b4800 JavaThread "stderr" [_thread_in_native, id=7232, stack(0x0000000026e30000,0x0000000026f30000)]
  0x00000000204b7800 JavaThread "stdout" [_thread_in_native, id=20000, stack(0x0000000026d30000,0x0000000026e30000)]
  0x00000000204b3800 JavaThread "stderr" [_thread_in_native, id=18028, stack(0x0000000026c30000,0x0000000026d30000)]
  0x00000000204ba800 JavaThread "pool-9-thread-1" [_thread_blocked, id=17096, stack(0x0000000026b30000,0x0000000026c30000)]
  0x000000001d0c9800 JavaThread "WorkerExecutor Queue Thread 6" [_thread_blocked, id=2560, stack(0x0000000026a30000,0x0000000026b30000)]
  0x000000001d0c8000 JavaThread "WorkerExecutor Queue Thread 5" [_thread_blocked, id=1940, stack(0x0000000026930000,0x0000000026a30000)]
  0x000000001d0c7800 JavaThread "WorkerExecutor Queue Thread 4" [_thread_blocked, id=11740, stack(0x0000000026830000,0x0000000026930000)]
  0x000000001d0c0800 JavaThread "WorkerExecutor Queue Thread 3" [_thread_blocked, id=3468, stack(0x0000000026730000,0x0000000026830000)]
  0x000000001d0c6800 JavaThread "WorkerExecutor Queue Thread 2" [_thread_blocked, id=20376, stack(0x0000000026630000,0x0000000026730000)]
  0x000000001d0c6000 JavaThread "WorkerExecutor Queue" [_thread_blocked, id=21092, stack(0x0000000026530000,0x0000000026630000)]
  0x000000001d0c5000 JavaThread "Cache worker for execution history cache (D:\SuriBetPOS\SuribetPOS\.gradle\6.1.1\executionHistory)" [_thread_blocked, id=9492, stack(0x0000000026430000,0x0000000026530000)]
  0x000000001d0bd800 JavaThread "Execution worker for ':' Thread 5" [_thread_in_Java, id=5636, stack(0x0000000025fa0000,0x00000000260a0000)]
  0x000000001d0c2000 JavaThread "Execution worker for ':' Thread 4" [_thread_in_Java, id=14028, stack(0x0000000025ea0000,0x0000000025fa0000)]
  0x000000001d0c3800 JavaThread "Execution worker for ':' Thread 3" [_thread_in_vm, id=9220, stack(0x0000000025da0000,0x0000000025ea0000)]
  0x000000001d0c0000 JavaThread "Execution worker for ':' Thread 2" [_thread_in_vm, id=20972, stack(0x0000000025ca0000,0x0000000025da0000)]
  0x000000001d0c1800 JavaThread "Execution worker for ':'" [_thread_blocked, id=14812, stack(0x0000000025ba0000,0x0000000025ca0000)]
  0x000000001d0bd000 JavaThread "Cache worker for file content cache (D:\SuriBetPOS\SuribetPOS\.gradle\6.1.1\fileContent)" [_thread_blocked, id=12192, stack(0x00000000258a0000,0x00000000259a0000)]
  0x000000001d0bb800 JavaThread "Cache worker for file content cache (C:\Users\Localuser\.gradle\caches\6.1.1\fileContent)" [_thread_blocked, id=13232, stack(0x00000000257a0000,0x00000000258a0000)]
  0x000000001d0ba800 JavaThread "Memory manager" [_thread_blocked, id=1844, stack(0x0000000025460000,0x0000000025560000)]
  0x000000001d0bf000 JavaThread "Cache worker for Build Output Cleanup Cache (D:\SuriBetPOS\SuribetPOS\.gradle\buildOutputCleanup)" [_thread_blocked, id=11200, stack(0x00000000226c0000,0x00000000227c0000)]
  0x000000001d0bc000 JavaThread "Build operations Thread 6" [_thread_blocked, id=18292, stack(0x00000000222e0000,0x00000000223e0000)]
  0x0000000019647800 JavaThread "Build operations Thread 5" [_thread_blocked, id=12316, stack(0x00000000217e0000,0x00000000218e0000)]
  0x0000000019649000 JavaThread "Build operations Thread 4" [_thread_blocked, id=19568, stack(0x00000000216e0000,0x00000000217e0000)]
  0x0000000019646000 JavaThread "Build operations Thread 3" [_thread_blocked, id=18988, stack(0x00000000215e0000,0x00000000216e0000)]
  0x0000000019645000 JavaThread "Build operations Thread 2" [_thread_blocked, id=8472, stack(0x00000000214e0000,0x00000000215e0000)]
  0x000000001964a800 JavaThread "Build operations" [_thread_blocked, id=6316, stack(0x00000000213e0000,0x00000000214e0000)]
  0x000000001d223800 JavaThread "Cache worker for cache directory md-rule (C:\Users\Localuser\.gradle\caches\6.1.1\md-rule)" [_thread_blocked, id=2872, stack(0x0000000021020000,0x0000000021120000)]
  0x000000001d223000 JavaThread "Cache worker for cache directory md-supplier (C:\Users\Localuser\.gradle\caches\6.1.1\md-supplier)" [_thread_blocked, id=14388, stack(0x000000001e210000,0x000000001e310000)]
  0x000000001d226800 JavaThread "Cache worker for file hash cache (D:\SuriBetPOS\SuribetPOS\.gradle\6.1.1\fileHashes)" [_thread_blocked, id=740, stack(0x000000001df10000,0x000000001e010000)]
  0x000000001d21a800 JavaThread "Cache worker for checksums cache (D:\SuriBetPOS\SuribetPOS\.gradle\checksums)" [_thread_blocked, id=12208, stack(0x000000001ba00000,0x000000001bb00000)]
  0x000000001d21c000 JavaThread "Thread-30" [_thread_blocked, id=9452, stack(0x000000001b300000,0x000000001b400000)]
  0x000000001d220000 JavaThread "Stdin handler" [_thread_blocked, id=5940, stack(0x000000001b200000,0x000000001b300000)]
  0x000000001d221800 JavaThread "Asynchronous log dispatcher for DefaultDaemonConnection: socket connection from /127.0.0.1:64348 to /127.0.0.1:64552" [_thread_blocked, id=11092, stack(0x000000001b100000,0x000000001b200000)]
  0x000000001d219000 JavaThread "Daemon worker Thread 2" [_thread_in_Java, id=2736, stack(0x000000001b000000,0x000000001b100000)]
  0x000000001d21f000 JavaThread "Cancel handler" [_thread_blocked, id=9820, stack(0x000000001af00000,0x000000001b000000)]
  0x000000001d21b800 JavaThread "Handler for socket connection from /127.0.0.1:64348 to /127.0.0.1:64552" [_thread_in_native, id=12340, stack(0x000000001ac00000,0x000000001ad00000)]
  0x000000001d21d800 JavaThread "Daemon Thread 2" [_thread_blocked, id=6748, stack(0x000000001ab00000,0x000000001ac00000)]
  0x0000000019644800 JavaThread "Cache worker for execution history cache (C:\Users\Localuser\.gradle\caches\6.1.1\executionHistory)" [_thread_blocked, id=20748, stack(0x000000001f550000,0x000000001f650000)]
  0x0000000019646800 JavaThread "Cache worker for file hash cache (C:\Users\Localuser\.gradle\caches\6.1.1\fileHashes)" [_thread_blocked, id=6520, stack(0x000000001b900000,0x000000001ba00000)]
  0x0000000019649800 JavaThread "File lock request listener" [_thread_in_native, id=13188, stack(0x000000001b800000,0x000000001b900000)]
  0x0000000017533800 JavaThread "Cache worker for journal cache (C:\Users\Localuser\.gradle\caches\journal-1)" [_thread_blocked, id=3796, stack(0x000000001b600000,0x000000001b700000)]
  0x00000000194f1800 JavaThread "Daemon periodic checks" [_thread_blocked, id=16888, stack(0x000000001aa00000,0x000000001ab00000)]
  0x00000000194f0800 JavaThread "Incoming local TCP Connector on port 64348" [_thread_in_native, id=9448, stack(0x000000001a7c0000,0x000000001a8c0000)]
  0x00000000194b2000 JavaThread "Daemon health stats" [_thread_blocked, id=12296, stack(0x000000001a180000,0x000000001a280000)]
  0x000000001546e000 JavaThread "Service Thread" daemon [_thread_blocked, id=18104, stack(0x00000000177e0000,0x00000000178e0000)]
  0x0000000015466000 JavaThread "C1 CompilerThread2" daemon [_thread_in_native, id=15244, stack(0x00000000172e0000,0x00000000173e0000)]
=>0x0000000015461800 JavaThread "C2 CompilerThread1" daemon [_thread_in_native, id=3060, stack(0x00000000171e0000,0x00000000172e0000)]
  0x000000001545c800 JavaThread "C2 CompilerThread0" daemon [_thread_in_native, id=17488, stack(0x00000000170e0000,0x00000000171e0000)]
  0x0000000015459000 JavaThread "Attach Listener" daemon [_thread_blocked, id=17728, stack(0x0000000016fe0000,0x00000000170e0000)]
  0x0000000015457000 JavaThread "Signal Dispatcher" daemon [_thread_blocked, id=3204, stack(0x0000000016ee0000,0x0000000016fe0000)]
  0x0000000002b3d800 JavaThread "Finalizer" daemon [_thread_blocked, id=15852, stack(0x0000000016ce0000,0x0000000016de0000)]
  0x0000000002b37800 JavaThread "Reference Handler" daemon [_thread_blocked, id=6932, stack(0x0000000016be0000,0x0000000016ce0000)]
  0x000000000103e800 JavaThread "main" [_thread_blocked, id=12372, stack(0x0000000002890000,0x0000000002990000)]

Other Threads:
  0x0000000015418000 VMThread [stack: 0x0000000016ae0000,0x0000000016be0000] [id=5508]
  0x000000001744f000 WatcherThread [stack: 0x00000000178e0000,0x00000000179e0000] [id=19520]

VM state:not at safepoint (normal execution)

VM Mutex/Monitor currently owned by a thread: None

OutOfMemory and StackOverflow Exception counts:
OutOfMemoryError java_heap_errors=1

heap address: 0x00000000c0000000, size: 1024 MB, Compressed Oops mode: 32-bit
Narrow klass base: 0x0000000000000000, Narrow klass shift: 3
Compressed class space size: 1073741824 Address: 0x0000000100000000

Heap:
 PSYoungGen      total 276992K, used 158649K [0x00000000eab00000, 0x00000000ffd80000, 0x0000000100000000)
  eden space 210432K, 69% used [0x00000000eab00000,0x00000000f3ab64b8,0x00000000f7880000)
  from space 66560K, 17% used [0x00000000fbc80000,0x00000000fc7b8250,0x00000000ffd80000)
  to   space 68096K, 0% used [0x00000000f7880000,0x00000000f7880000,0x00000000fbb00000)
 ParOldGen       total 356864K, used 162545K [0x00000000c0000000, 0x00000000d5c80000, 0x00000000eab00000)
  object space 356864K, 45% used [0x00000000c0000000,0x00000000c9ebc708,0x00000000d5c80000)
 Metaspace       used 109398K, capacity 114980K, committed 115136K, reserved 1148928K
  class space    used 14264K, capacity 15491K, committed 15616K, reserved 1048576K

Card table byte_map: [0x0000000011f00000,0x0000000012110000] byte_map_base: 0x0000000011900000

Marking Bits: (ParMarkBitMap*) 0x0000000052e1f030
 Begin Bits: [0x0000000012870000, 0x0000000013870000)
 End Bits:   [0x0000000013870000, 0x0000000014870000)

Polling page: 0x0000000001010000

CodeCache: size=245760Kb used=54933Kb max_used=54954Kb free=190826Kb
 bounds [0x0000000002b40000, 0x0000000006120000, 0x0000000011b40000]
 total_blobs=18341 nmethods=17395 adapters=854
 compilation: disabled (not enough contiguous free space left)

Compilation events (10 events):
Event: 506.948 Thread 0x0000000015466000 nmethod 20577 0x0000000006117810 code [0x0000000006117960, 0x0000000006117af0]
Event: 506.948 Thread 0x0000000015466000 20551       2       com.android.tools.r8.v.a.a.a.f.k::a (10 bytes)
Event: 506.948 Thread 0x0000000015466000 nmethod 20551 0x0000000006117b90 code [0x0000000006117d00, 0x0000000006117eb8]
Event: 506.948 Thread 0x0000000015466000 20544       2       com.android.tools.r8.u.b.u::a (19 bytes)
Event: 506.949 Thread 0x0000000015466000 nmethod 20544 0x0000000006117f90 code [0x0000000006118120, 0x0000000006118358]
Event: 506.949 Thread 0x0000000015466000 20559       2       com.android.tools.r8.r.n.e::a (28 bytes)
Event: 506.949 Thread 0x0000000015466000 nmethod 20559 0x0000000006118490 code [0x0000000006118660, 0x0000000006118c58]
Event: 506.949 Thread 0x0000000015466000 20581       2       com.android.tools.r8.u.b.W::a (134 bytes)
Event: 506.950 Thread 0x0000000015466000 nmethod 20581 0x0000000006119210 code [0x0000000006119480, 0x0000000006119dd8]
Event: 506.950 Thread 0x0000000015466000 20560       2       com.android.tools.r8.ir.conversion.N::a (59 bytes)

GC Heap History (10 events):
Event: 505.338 GC heap before
{Heap before GC invocations=22 (full 4):
 PSYoungGen      total 299008K, used 276361K [0x00000000eab00000, 0x00000000fff00000, 0x0000000100000000)
  eden space 249344K, 100% used [0x00000000eab00000,0x00000000f9e80000,0x00000000f9e80000)
  from space 49664K, 54% used [0x00000000f9e80000,0x00000000fb8e27c8,0x00000000fcf00000)
  to   space 48640K, 0% used [0x00000000fcf80000,0x00000000fcf80000,0x00000000fff00000)
 ParOldGen       total 356864K, used 92693K [0x00000000c0000000, 0x00000000d5c80000, 0x00000000eab00000)
  object space 356864K, 25% used [0x00000000c0000000,0x00000000c5a85510,0x00000000d5c80000)
 Metaspace       used 105315K, capacity 110310K, committed 110400K, reserved 1144832K
  class space    used 13787K, capacity 14922K, committed 14976K, reserved 1048576K
Event: 505.373 GC heap after
Heap after GC invocations=22 (full 4):
 PSYoungGen      total 274944K, used 48637K [0x00000000eab00000, 0x0000000100000000, 0x0000000100000000)
  eden space 226304K, 0% used [0x00000000eab00000,0x00000000eab00000,0x00000000f8800000)
  from space 48640K, 99% used [0x00000000fcf80000,0x00000000ffeff7c0,0x00000000fff00000)
  to   space 61440K, 0% used [0x00000000f8800000,0x00000000f8800000,0x00000000fc400000)
 ParOldGen       total 356864K, used 108368K [0x00000000c0000000, 0x00000000d5c80000, 0x00000000eab00000)
  object space 356864K, 30% used [0x00000000c0000000,0x00000000c69d4230,0x00000000d5c80000)
 Metaspace       used 105315K, capacity 110310K, committed 110400K, reserved 1144832K
  class space    used 13787K, capacity 14922K, committed 14976K, reserved 1048576K
}
Event: 506.009 GC heap before
{Heap before GC invocations=23 (full 4):
 PSYoungGen      total 274944K, used 274941K [0x00000000eab00000, 0x0000000100000000, 0x0000000100000000)
  eden space 226304K, 100% used [0x00000000eab00000,0x00000000f8800000,0x00000000f8800000)
  from space 48640K, 99% used [0x00000000fcf80000,0x00000000ffeff7c0,0x00000000fff00000)
  to   space 61440K, 0% used [0x00000000f8800000,0x00000000f8800000,0x00000000fc400000)
 ParOldGen       total 356864K, used 108368K [0x00000000c0000000, 0x00000000d5c80000, 0x00000000eab00000)
  object space 356864K, 30% used [0x00000000c0000000,0x00000000c69d4230,0x00000000d5c80000)
 Metaspace       used 108504K, capacity 113954K, committed 114240K, reserved 1148928K
  class space    used 14184K, capacity 15392K, committed 15488K, reserved 1048576K
Event: 506.032 GC heap after
Heap after GC invocations=23 (full 4):
 PSYoungGen      total 287744K, used 61421K [0x00000000eab00000, 0x0000000100000000, 0x0000000100000000)
  eden space 226304K, 0% used [0x00000000eab00000,0x00000000eab00000,0x00000000f8800000)
  from space 61440K, 99% used [0x00000000f8800000,0x00000000fc3fb550,0x00000000fc400000)
  to   space 61440K, 0% used [0x00000000fc400000,0x00000000fc400000,0x0000000100000000)
 ParOldGen       total 356864K, used 108737K [0x00000000c0000000, 0x00000000d5c80000, 0x00000000eab00000)
  object space 356864K, 30% used [0x00000000c0000000,0x00000000c6a305a0,0x00000000d5c80000)
 Metaspace       used 108504K, capacity 113954K, committed 114240K, reserved 1148928K
  class space    used 14184K, capacity 15392K, committed 15488K, reserved 1048576K
}
Event: 506.363 GC heap before
{Heap before GC invocations=24 (full 4):
 PSYoungGen      total 287744K, used 287725K [0x00000000eab00000, 0x0000000100000000, 0x0000000100000000)
  eden space 226304K, 100% used [0x00000000eab00000,0x00000000f8800000,0x00000000f8800000)
  from space 61440K, 99% used [0x00000000f8800000,0x00000000fc3fb550,0x00000000fc400000)
  to   space 61440K, 0% used [0x00000000fc400000,0x00000000fc400000,0x0000000100000000)
 ParOldGen       total 356864K, used 108737K [0x00000000c0000000, 0x00000000d5c80000, 0x00000000eab00000)
  object space 356864K, 30% used [0x00000000c0000000,0x00000000c6a305a0,0x00000000d5c80000)
 Metaspace       used 108971K, capacity 114460K, committed 114752K, reserved 1148928K
  class space    used 14241K, capacity 15445K, committed 15488K, reserved 1048576K
Event: 506.388 GC heap after
Heap after GC invocations=24 (full 4):
 PSYoungGen      total 271360K, used 36997K [0x00000000eab00000, 0x0000000100000000, 0x0000000100000000)
  eden space 209920K, 0% used [0x00000000eab00000,0x00000000eab00000,0x00000000f7800000)
  from space 61440K, 60% used [0x00000000fc400000,0x00000000fe8215d0,0x0000000100000000)
  to   space 69632K, 0% used [0x00000000f7800000,0x00000000f7800000,0x00000000fbc00000)
 ParOldGen       total 356864K, used 131614K [0x00000000c0000000, 0x00000000d5c80000, 0x00000000eab00000)
  object space 356864K, 36% used [0x00000000c0000000,0x00000000c80878e0,0x00000000d5c80000)
 Metaspace       used 108971K, capacity 114460K, committed 114752K, reserved 1148928K
  class space    used 14241K, capacity 15445K, committed 15488K, reserved 1048576K
}
Event: 506.594 GC heap before
{Heap before GC invocations=25 (full 4):
 PSYoungGen      total 271360K, used 246917K [0x00000000eab00000, 0x0000000100000000, 0x0000000100000000)
  eden space 209920K, 100% used [0x00000000eab00000,0x00000000f7800000,0x00000000f7800000)
  from space 61440K, 60% used [0x00000000fc400000,0x00000000fe8215d0,0x0000000100000000)
  to   space 69632K, 0% used [0x00000000f7800000,0x00000000f7800000,0x00000000fbc00000)
 ParOldGen       total 356864K, used 131614K [0x00000000c0000000, 0x00000000d5c80000, 0x00000000eab00000)
  object space 356864K, 36% used [0x00000000c0000000,0x00000000c80878e0,0x00000000d5c80000)
 Metaspace       used 109086K, capacity 114564K, committed 114752K, reserved 1148928K
  class space    used 14249K, capacity 15453K, committed 15488K, reserved 1048576K
Event: 506.611 GC heap after
Heap after GC invocations=25 (full 4):
 PSYoungGen      total 279552K, used 11198K [0x00000000eab00000, 0x0000000100000000, 0x0000000100000000)
  eden space 209920K, 0% used [0x00000000eab00000,0x00000000eab00000,0x00000000f7800000)
  from space 69632K, 16% used [0x00000000f7800000,0x00000000f82efa10,0x00000000fbc00000)
  to   space 69120K, 0% used [0x00000000fbc80000,0x00000000fbc80000,0x0000000100000000)
 ParOldGen       total 356864K, used 154005K [0x00000000c0000000, 0x00000000d5c80000, 0x00000000eab00000)
  object space 356864K, 43% used [0x00000000c0000000,0x00000000c9665518,0x00000000d5c80000)
 Metaspace       used 109086K, capacity 114564K, committed 114752K, reserved 1148928K
  class space    used 14249K, capacity 15453K, committed 15488K, reserved 1048576K
}
Event: 506.802 GC heap before
{Heap before GC invocations=26 (full 4):
 PSYoungGen      total 279552K, used 221118K [0x00000000eab00000, 0x0000000100000000, 0x0000000100000000)
  eden space 209920K, 100% used [0x00000000eab00000,0x00000000f7800000,0x00000000f7800000)
  from space 69632K, 16% used [0x00000000f7800000,0x00000000f82efa10,0x00000000fbc00000)
  to   space 69120K, 0% used [0x00000000fbc80000,0x00000000fbc80000,0x0000000100000000)
 ParOldGen       total 356864K, used 154005K [0x00000000c0000000, 0x00000000d5c80000, 0x00000000eab00000)
  object space 356864K, 43% used [0x00000000c0000000,0x00000000c9665518,0x00000000d5c80000)
 Metaspace       used 109225K, capacity 114742K, committed 114752K, reserved 1148928K
  class space    used 14254K, capacity 15488K, committed 15488K, reserved 1048576K
Event: 506.827 GC heap after
Heap after GC invocations=26 (full 4):
 PSYoungGen      total 276992K, used 11488K [0x00000000eab00000, 0x00000000ffd80000, 0x0000000100000000)
  eden space 210432K, 0% used [0x00000000eab00000,0x00000000eab00000,0x00000000f7880000)
  from space 66560K, 17% used [0x00000000fbc80000,0x00000000fc7b8250,0x00000000ffd80000)
  to   space 68096K, 0% used [0x00000000f7880000,0x00000000f7880000,0x00000000fbb00000)
 ParOldGen       total 356864K, used 162545K [0x00000000c0000000, 0x00000000d5c80000, 0x00000000eab00000)
  object space 356864K, 45% used [0x00000000c0000000,0x00000000c9ebc708,0x00000000d5c80000)
 Metaspace       used 109225K, capacity 114742K, committed 114752K, reserved 1148928K
  class space    used 14254K, capacity 15488K, committed 15488K, reserved 1048576K
}

Deoptimization events (10 events):
Event: 506.574 Thread 0x000000001d0c8000 Uncommon trap: reason=unstable_if action=reinterpret pc=0x000000000589cd0c method=java.io.ObjectOutputStream$BlockDataOutputStream.writeBytes(Ljava/lang/String;)V @ 22
Event: 506.574 Thread 0x000000001d0c8000 Uncommon trap: reason=unstable_if action=reinterpret pc=0x0000000003429c58 method=java.io.ObjectOutputStream$BlockDataOutputStream.writeBytes(Ljava/lang/String;)V @ 22
Event: 506.695 Thread 0x000000001d0c2000 Uncommon trap: reason=unstable_if action=reinterpret pc=0x00000000059f2068 method=com.android.tools.r8.B.a.a.f.a(II[C)Ljava/lang/String; @ 32
Event: 506.695 Thread 0x000000001d0c2000 Uncommon trap: reason=unstable_if action=reinterpret pc=0x0000000005a07c00 method=com.android.tools.r8.graph.e0.a(C)I @ 1
Event: 506.695 Thread 0x000000001d0c2000 Uncommon trap: reason=unstable_if action=reinterpret pc=0x00000000059450e8 method=com.android.tools.r8.graph.e0.a(C[BI)I @ 1
Event: 506.696 Thread 0x000000001d0c2000 Uncommon trap: reason=unstable_if action=reinterpret pc=0x00000000059b7eec method=com.android.tools.r8.B.a.a.f.a(II[C)Ljava/lang/String; @ 32
Event: 506.696 Thread 0x000000001d0c2000 Uncommon trap: reason=unstable_if action=reinterpret pc=0x0000000005952cf4 method=com.android.tools.r8.graph.e0.a(C)I @ 1
Event: 506.912 Thread 0x000000001d0c2000 Uncommon trap: reason=unstable_if action=reinterpret pc=0x0000000005c4f2d8 method=com.android.tools.r8.graph.e0.a([C)I @ 44
Event: 506.929 Thread 0x000000001d0c0000 Uncommon trap: reason=unstable_if action=reinterpret pc=0x00000000059b1788 method=java.util.concurrent.ConcurrentHashMap.computeIfAbsent(Ljava/lang/Object;Ljava/util/function/Function;)Ljava/lang/Object; @ 456
Event: 506.929 Thread 0x000000001d219000 Uncommon trap: reason=unstable_if action=reinterpret pc=0x0000000005fb66c4 method=com.android.tools.r8.graph.e0.c(Lcom/android/tools/r8/graph/e0;)I @ 141

Classes redefined (0 events):
No events

Internal exceptions (10 events):
Event: 506.082 Thread 0x000000001d219000 Exception <a 'sun/nio/fs/WindowsException'> (0x00000000eb97fa10) thrown at [C:\src\AOSP-openjdk-git\hotspot\src\share\vm\prims\jni.cpp, line 710]
Event: 506.228 Thread 0x000000001d219000 Exception <a 'sun/nio/fs/WindowsException'> (0x00000000f1ff0380) thrown at [C:\src\AOSP-openjdk-git\hotspot\src\share\vm\prims\jni.cpp, line 710]
Event: 506.243 Thread 0x000000001d219000 Exception <a 'sun/nio/fs/WindowsException'> (0x00000000f2b38468) thrown at [C:\src\AOSP-openjdk-git\hotspot\src\share\vm\prims\jni.cpp, line 710]
Event: 506.271 Thread 0x000000001d0c3800 Exception <a 'sun/nio/fs/WindowsException'> (0x00000000f1c7d470) thrown at [C:\src\AOSP-openjdk-git\hotspot\src\share\vm\prims\jni.cpp, line 710]
Event: 506.429 Thread 0x000000001d0c3800 Exception <a 'sun/nio/fs/WindowsException'> (0x00000000edfb6628) thrown at [C:\src\AOSP-openjdk-git\hotspot\src\share\vm\prims\jni.cpp, line 710]
Event: 506.493 Thread 0x000000001d219000 Exception <a 'sun/nio/fs/WindowsException'> (0x00000000f2245a60) thrown at [C:\src\AOSP-openjdk-git\hotspot\src\share\vm\prims\jni.cpp, line 710]
Event: 506.578 Thread 0x000000001d0c3800 Exception <a 'sun/nio/fs/WindowsException'> (0x00000000f628a510) thrown at [C:\src\AOSP-openjdk-git\hotspot\src\share\vm\prims\jni.cpp, line 710]
Event: 506.689 Thread 0x000000001d0c2000 Exception <a 'sun/nio/fs/WindowsException'> (0x00000000f0a1a308) thrown at [C:\src\AOSP-openjdk-git\hotspot\src\share\vm\prims\jni.cpp, line 710]
Event: 506.735 Thread 0x000000001d0c3800 Exception <a 'sun/nio/fs/WindowsException'> (0x00000000f3f39ab8) thrown at [C:\src\AOSP-openjdk-git\hotspot\src\share\vm\prims\jni.cpp, line 710]
Event: 506.857 Thread 0x000000001d0c3800 Exception <a 'sun/nio/fs/WindowsException'> (0x00000000ec206088) thrown at [C:\src\AOSP-openjdk-git\hotspot\src\share\vm\prims\jni.cpp, line 710]

Events (10 events):
Event: 506.930 loading class com/android/tools/r8/v/a/a/a/f/A
Event: 506.930 loading class com/android/tools/r8/v/a/a/a/f/A done
Event: 506.931 loading class com/android/tools/r8/v/a/a/a/f/t
Event: 506.931 loading class com/android/tools/r8/v/a/a/a/f/t done
Event: 506.932 Thread 0x000000001d219000 DEOPT PACKING pc=0x00000000060fe091 sp=0x000000001b0f7e30
Event: 506.932 Thread 0x000000001d219000 DEOPT UNPACKING pc=0x0000000002b875d0 sp=0x000000001b0f7b28 mode 0
Event: 506.933 Thread 0x000000001d219000 DEOPT PACKING pc=0x00000000060fe091 sp=0x000000001b0f7e40
Event: 506.933 Thread 0x000000001d219000 DEOPT UNPACKING pc=0x0000000002b875d0 sp=0x000000001b0f7b38 mode 0
Event: 506.946 Thread 0x000000001d0bd800 DEOPT PACKING pc=0x0000000005b81a61 sp=0x0000000026099b50
Event: 506.946 Thread 0x000000001d0bd800 DEOPT UNPACKING pc=0x0000000002b875d0 sp=0x00000000260997f8 mode 0


Dynamic libraries:
0x00007ff626690000 - 0x00007ff6266c1000 	C:\Program Files\Android\Android Studio\jre\bin\java.exe
0x00007ffebfe60000 - 0x00007ffec0050000 	C:\WINDOWS\SYSTEM32\ntdll.dll
0x00007ffea4720000 - 0x00007ffea4733000 	C:\Program Files\Avast Software\Avast\aswhook.dll
0x00007ffebea30000 - 0x00007ffebeae2000 	C:\WINDOWS\System32\KERNEL32.DLL
0x00007ffebd140000 - 0x00007ffebd3e4000 	C:\WINDOWS\System32\KERNELBASE.dll
0x00007ffebe1c0000 - 0x00007ffebe263000 	C:\WINDOWS\System32\ADVAPI32.dll
0x00007ffebe990000 - 0x00007ffebea2e000 	C:\WINDOWS\System32\msvcrt.dll
0x00007ffebe270000 - 0x00007ffebe307000 	C:\WINDOWS\System32\sechost.dll
0x00007ffebf610000 - 0x00007ffebf730000 	C:\WINDOWS\System32\RPCRT4.dll
0x00007ffebdfa0000 - 0x00007ffebe134000 	C:\WINDOWS\System32\USER32.dll
0x00007ffebd010000 - 0x00007ffebd031000 	C:\WINDOWS\System32\win32u.dll
0x00007ffebe490000 - 0x00007ffebe4b6000 	C:\WINDOWS\System32\GDI32.dll
0x00007ffebdc60000 - 0x00007ffebddf5000 	C:\WINDOWS\System32\gdi32full.dll
0x00007ffebdbc0000 - 0x00007ffebdc5e000 	C:\WINDOWS\System32\msvcp_win.dll
0x00007ffebd040000 - 0x00007ffebd13a000 	C:\WINDOWS\System32\ucrtbase.dll
0x00007ffea8b00000 - 0x00007ffea8d84000 	C:\WINDOWS\WinSxS\amd64_microsoft.windows.common-controls_6595b64144ccf1df_6.0.18362.900_none_e6beb9d913147d17\COMCTL32.dll
0x00007ffebe4c0000 - 0x00007ffebe7f5000 	C:\WINDOWS\System32\combase.dll
0x00007ffebcdf0000 - 0x00007ffebce70000 	C:\WINDOWS\System32\bcryptPrimitives.dll
0x00007ffebdf70000 - 0x00007ffebdf9e000 	C:\WINDOWS\System32\IMM32.DLL
0x0000000051a20000 - 0x0000000051af2000 	C:\Program Files\Android\Android Studio\jre\jre\bin\msvcr100.dll
0x0000000052650000 - 0x0000000052e9b000 	C:\Program Files\Android\Android Studio\jre\jre\bin\server\jvm.dll
0x00007ffebe480000 - 0x00007ffebe488000 	C:\WINDOWS\System32\PSAPI.DLL
0x00007ffeb3b60000 - 0x00007ffeb3b69000 	C:\WINDOWS\SYSTEM32\WSOCK32.dll
0x00007ffebeaf0000 - 0x00007ffebeb5f000 	C:\WINDOWS\System32\WS2_32.dll
0x00007ffeb0e60000 - 0x00007ffeb0e84000 	C:\WINDOWS\SYSTEM32\WINMM.dll
0x00007ffeb7760000 - 0x00007ffeb776a000 	C:\WINDOWS\SYSTEM32\VERSION.dll
0x00007ffeb0e30000 - 0x00007ffeb0e5d000 	C:\WINDOWS\SYSTEM32\WINMMBASE.dll
0x00007ffebd3f0000 - 0x00007ffebd43a000 	C:\WINDOWS\System32\cfgmgr32.dll
0x00007ffeb9780000 - 0x00007ffeb978f000 	C:\Program Files\Android\Android Studio\jre\jre\bin\verify.dll
0x00007ffeb5020000 - 0x00007ffeb5049000 	C:\Program Files\Android\Android Studio\jre\jre\bin\java.dll
0x00007ffeb6af0000 - 0x00007ffeb6b06000 	C:\Program Files\Android\Android Studio\jre\jre\bin\zip.dll
0x00007ffebf730000 - 0x00007ffebfe16000 	C:\WINDOWS\System32\SHELL32.dll
0x00007ffebe8e0000 - 0x00007ffebe989000 	C:\WINDOWS\System32\shcore.dll
0x00007ffebd440000 - 0x00007ffebdbc0000 	C:\WINDOWS\System32\windows.storage.dll
0x00007ffebcd30000 - 0x00007ffebcd53000 	C:\WINDOWS\System32\profapi.dll
0x00007ffebcd60000 - 0x00007ffebcdaa000 	C:\WINDOWS\System32\powrprof.dll
0x00007ffebcd20000 - 0x00007ffebcd30000 	C:\WINDOWS\System32\UMPDC.dll
0x00007ffebdf10000 - 0x00007ffebdf62000 	C:\WINDOWS\System32\shlwapi.dll
0x00007ffebcdb0000 - 0x00007ffebcdc1000 	C:\WINDOWS\System32\kernel.appcore.dll
0x00007ffebcfc0000 - 0x00007ffebcfd7000 	C:\WINDOWS\System32\cryptsp.dll
0x00007ffeb5ee0000 - 0x00007ffeb5efa000 	C:\Program Files\Android\Android Studio\jre\jre\bin\net.dll
0x00007ffebc590000 - 0x00007ffebc5f7000 	C:\WINDOWS\system32\mswsock.dll
0x00007ffeb4fe0000 - 0x00007ffeb4ff3000 	C:\Program Files\Android\Android Studio\jre\jre\bin\nio.dll
0x00007ffeab4d0000 - 0x00007ffeab4f6000 	C:\Users\Localuser\.gradle\native\31\windows-amd64\native-platform.dll
0x00007ffeb7470000 - 0x00007ffeb747d000 	C:\Program Files\Android\Android Studio\jre\jre\bin\management.dll
0x00007ffebc0a0000 - 0x00007ffebc0d3000 	C:\WINDOWS\system32\rsaenh.dll
0x00007ffebcfe0000 - 0x00007ffebd006000 	C:\WINDOWS\System32\bcrypt.dll
0x00007ffebcc10000 - 0x00007ffebcc35000 	C:\WINDOWS\SYSTEM32\USERENV.dll
0x00007ffebc760000 - 0x00007ffebc76c000 	C:\WINDOWS\SYSTEM32\CRYPTBASE.dll
0x00007ffebc2a0000 - 0x00007ffebc2da000 	C:\WINDOWS\SYSTEM32\IPHLPAPI.DLL
0x00007ffebe8d0000 - 0x00007ffebe8d8000 	C:\WINDOWS\System32\NSI.dll
0x00007ffeb9070000 - 0x00007ffeb9086000 	C:\WINDOWS\SYSTEM32\dhcpcsvc6.DLL
0x00007ffeb9030000 - 0x00007ffeb904c000 	C:\WINDOWS\SYSTEM32\dhcpcsvc.DLL
0x00007ffebc2e0000 - 0x00007ffebc3ab000 	C:\WINDOWS\SYSTEM32\DNSAPI.dll
0x00007ffeb0a50000 - 0x00007ffeb0a74000 	C:\Program Files\Android\Android Studio\jre\jre\bin\sunec.dll
0x00007ffeb6ed0000 - 0x00007ffeb6eda000 	C:\Windows\System32\rasadhlp.dll
0x00007ffeb90b0000 - 0x00007ffeb9127000 	C:\WINDOWS\System32\fwpuclnt.dll
0x00007ffeab610000 - 0x00007ffeab61b000 	C:\Program Files\Android\Android Studio\jre\jre\bin\sunmscapi.dll
0x00007ffebce70000 - 0x00007ffebcfb9000 	C:\WINDOWS\System32\CRYPT32.dll
0x00007ffebcdd0000 - 0x00007ffebcde2000 	C:\WINDOWS\System32\MSASN1.dll
0x00007ffebbd20000 - 0x00007ffebbd51000 	C:\WINDOWS\SYSTEM32\ntmarta.dll

VM Arguments:
jvm_args: -Xmx1024M -Dfile.encoding=windows-1252 -Duser.country=US -Duser.language=en -Duser.variant 
java_command: org.gradle.launcher.daemon.bootstrap.GradleDaemon 6.1.1
java_class_path (initial): C:\Users\Localuser\.gradle\wrapper\dists\gradle-6.1.1-all\cfmwm155h49vnt3hynmlrsdst\gradle-6.1.1\lib\gradle-launcher-6.1.1.jar
Launcher Type: SUN_STANDARD

Environment Variables:
JAVA_HOME=C:\Program Files\Java\jdk1.8.0_211
CLASSPATH=.;
PATH=C:\Program Files (x86)\Common Files\TEC-IT\TBarCode\10.2\;C:\Program Files\Common Files\TEC-IT\TBarCode\10.2\;C:\Program Files\Java\jdk1.8.0_211\bin;C:\Program Files (x86)\Common Files\Oracle\Java\javapath;C:\Program Files\Java\jdk-12.0.1\bin;C:\Program Files\nodejs;D:\Android\SDK\platform-tools;C:\Program Files\dotnet\;C:\WINDOWS\system32;"c:\windows\system32;";C:\src\flutter;C:\Windows\System32\WindowsPowerShell\v1.0;D:\FlutterSDK\flutter\bin;C:\ProgramData\chocolatey\bin;C:\Program Files\AdoptOpenJDK\jdk8u192-b12\bin;C:\Android\android-sdk\tools;C:\Android\android-sdk\platform-tools;C:\Android\android-sdk\tools\bin;;C:\WINDOWS;C:\WINDOWS\System32\Wbem;C:\WINDOWS\System32\WindowsPowerShell\v1.0\;C:\WINDOWS\System32\OpenSSH\;C:\Ruby27-x64\bin;C:\Users\Localuser\AppData\Local\Microsoft\WindowsApps;C:\Program Files\Java\jdk1.8.0_211;D:\Android\SDK
USERNAME=Localuser
OS=Windows_NT
PROCESSOR_IDENTIFIER=Intel64 Family 6 Model 158 Stepping 10, GenuineIntel



---------------  S Y S T E M  ---------------

OS: Windows 10.0 , 64 bit Build 18362 (10.0.18362.900)

CPU:total 6 (initial active 6) (6 cores per cpu, 1 threads per core) family 6 model 158 stepping 10, cmov, cx8, fxsr, mmx, sse, sse2, sse3, ssse3, sse4.1, sse4.2, popcnt, avx, avx2, aes, clmul, erms, 3dnowpref, lzcnt, tsc, tscinvbit, bmi1, bmi2, adx

Memory: 4k page, physical 16635340k(6941828k free), swap 34955528k(4096k free)

vm_info: OpenJDK 64-Bit Server VM (25.242-b01) for windows-amd64 JRE (1.8.0_242-release-1644-b01), built by "builder" with MS VC++ 10.0 (VS2010)

time: Fri Jun 19 17:18:02 2020
timezone: India Standard Time
elapsed time: 506 seconds (0d 0h 8m 26s)

